S 38a12c,1 miss 
L 38a140,8 miss 
L 38a124,4 hit 
L 38a120,4 hit 
L 30a120,4 miss eviction 
S 34a120,4 miss eviction 
L 30a124,4 miss eviction 
S 34a1a0,4 miss 
L 30a128,4 hit 
S 34a220,4 miss 
L 30a12c,4 hit 
S 34a2a0,4 miss 
L 30a130,4 hit 
S 34a320,4 miss 
L 30a134,4 hit 
S 34a3a0,4 miss 
L 30a138,4 hit 
S 34a420,4 miss 
L 30a13c,4 hit 
S 34a4a0,4 miss 
L 30a1a0,4 miss eviction 
S 34a124,4 miss eviction 
L 30a1a4,4 hit 
S 34a1a4,4 miss eviction 
L 30a1a8,4 miss eviction 
S 34a224,4 hit 
L 30a1ac,4 hit 
S 34a2a4,4 hit 
L 30a1b0,4 hit 
S 34a324,4 hit 
L 30a1b4,4 hit 
S 34a3a4,4 hit 
L 30a1b8,4 hit 
S 34a424,4 hit 
L 30a1bc,4 hit 
S 34a4a4,4 hit 
L 30a220,4 miss eviction 
S 34a128,4 hit 
L 30a224,4 hit 
S 34a1a8,4 miss eviction 
L 30a228,4 hit 
S 34a228,4 miss eviction 
L 30a22c,4 miss eviction 
S 34a2a8,4 hit 
L 30a230,4 hit 
S 34a328,4 hit 
L 30a234,4 hit 
S 34a3a8,4 hit 
L 30a238,4 hit 
S 34a428,4 hit 
L 30a23c,4 hit 
S 34a4a8,4 hit 
L 30a2a0,4 miss eviction 
S 34a12c,4 hit 
L 30a2a4,4 hit 
S 34a1ac,4 hit 
L 30a2a8,4 hit 
S 34a22c,4 miss eviction 
L 30a2ac,4 hit 
S 34a2ac,4 miss eviction 
L 30a2b0,4 miss eviction 
S 34a32c,4 hit 
L 30a2b4,4 hit 
S 34a3ac,4 hit 
L 30a2b8,4 hit 
S 34a42c,4 hit 
L 30a2bc,4 hit 
S 34a4ac,4 hit 
L 30a320,4 miss eviction 
S 34a130,4 hit 
L 30a324,4 hit 
S 34a1b0,4 hit 
L 30a328,4 hit 
S 34a230,4 hit 
L 30a32c,4 hit 
S 34a2b0,4 miss eviction 
L 30a330,4 hit 
S 34a330,4 miss eviction 
L 30a334,4 miss eviction 
S 34a3b0,4 hit 
L 30a338,4 hit 
S 34a430,4 hit 
L 30a33c,4 hit 
S 34a4b0,4 hit 
L 30a3a0,4 miss eviction 
S 34a134,4 hit 
L 30a3a4,4 hit 
S 34a1b4,4 hit 
L 30a3a8,4 hit 
S 34a234,4 hit 
L 30a3ac,4 hit 
S 34a2b4,4 hit 
L 30a3b0,4 hit 
S 34a334,4 miss eviction 
L 30a3b4,4 hit 
S 34a3b4,4 miss eviction 
L 30a3b8,4 miss eviction 
S 34a434,4 hit 
L 30a3bc,4 hit 
S 34a4b4,4 hit 
L 30a420,4 miss eviction 
S 34a138,4 hit 
L 30a424,4 hit 
S 34a1b8,4 hit 
L 30a428,4 hit 
S 34a238,4 hit 
L 30a42c,4 hit 
S 34a2b8,4 hit 
L 30a430,4 hit 
S 34a338,4 hit 
L 30a434,4 hit 
S 34a3b8,4 miss eviction 
L 30a438,4 hit 
S 34a438,4 miss eviction 
L 30a43c,4 miss eviction 
S 34a4b8,4 hit 
L 30a4a0,4 miss eviction 
S 34a13c,4 hit 
L 30a4a4,4 hit 
S 34a1bc,4 hit 
L 30a4a8,4 hit 
S 34a23c,4 hit 
L 30a4ac,4 hit 
S 34a2bc,4 hit 
L 30a4b0,4 hit 
S 34a33c,4 hit 
L 30a4b4,4 hit 
S 34a3bc,4 hit 
L 30a4b8,4 hit 
S 34a43c,4 miss eviction 
L 30a4bc,4 hit 
S 34a4bc,4 miss eviction 
L 30a140,4 miss eviction 
S 34a520,4 miss eviction 
L 30a144,4 hit 
S 34a5a0,4 miss eviction 
L 30a148,4 hit 
S 34a620,4 miss eviction 
L 30a14c,4 hit 
S 34a6a0,4 miss eviction 
L 30a150,4 hit 
S 34a720,4 miss eviction 
L 30a154,4 hit 
S 34a7a0,4 miss eviction 
L 30a158,4 hit 
S 34a820,4 miss eviction 
L 30a15c,4 hit 
S 34a8a0,4 miss eviction 
L 30a1c0,4 miss 
S 34a524,4 hit 
L 30a1c4,4 hit 
S 34a5a4,4 hit 
L 30a1c8,4 hit 
S 34a624,4 hit 
L 30a1cc,4 hit 
S 34a6a4,4 hit 
L 30a1d0,4 hit 
S 34a724,4 hit 
L 30a1d4,4 hit 
S 34a7a4,4 hit 
L 30a1d8,4 hit 
S 34a824,4 hit 
L 30a1dc,4 hit 
S 34a8a4,4 hit 
L 30a240,4 miss 
S 34a528,4 hit 
L 30a244,4 hit 
S 34a5a8,4 hit 
L 30a248,4 hit 
S 34a628,4 hit 
L 30a24c,4 hit 
S 34a6a8,4 hit 
L 30a250,4 hit 
S 34a728,4 hit 
L 30a254,4 hit 
S 34a7a8,4 hit 
L 30a258,4 hit 
S 34a828,4 hit 
L 30a25c,4 hit 
S 34a8a8,4 hit 
L 30a2c0,4 miss 
S 34a52c,4 hit 
L 30a2c4,4 hit 
S 34a5ac,4 hit 
L 30a2c8,4 hit 
S 34a62c,4 hit 
L 30a2cc,4 hit 
S 34a6ac,4 hit 
L 30a2d0,4 hit 
S 34a72c,4 hit 
L 30a2d4,4 hit 
S 34a7ac,4 hit 
L 30a2d8,4 hit 
S 34a82c,4 hit 
L 30a2dc,4 hit 
S 34a8ac,4 hit 
L 30a340,4 miss 
S 34a530,4 hit 
L 30a344,4 hit 
S 34a5b0,4 hit 
L 30a348,4 hit 
S 34a630,4 hit 
L 30a34c,4 hit 
S 34a6b0,4 hit 
L 30a350,4 hit 
S 34a730,4 hit 
L 30a354,4 hit 
S 34a7b0,4 hit 
L 30a358,4 hit 
S 34a830,4 hit 
L 30a35c,4 hit 
S 34a8b0,4 hit 
L 30a3c0,4 miss 
S 34a534,4 hit 
L 30a3c4,4 hit 
S 34a5b4,4 hit 
L 30a3c8,4 hit 
S 34a634,4 hit 
L 30a3cc,4 hit 
S 34a6b4,4 hit 
L 30a3d0,4 hit 
S 34a734,4 hit 
L 30a3d4,4 hit 
S 34a7b4,4 hit 
L 30a3d8,4 hit 
S 34a834,4 hit 
L 30a3dc,4 hit 
S 34a8b4,4 hit 
L 30a440,4 miss 
S 34a538,4 hit 
L 30a444,4 hit 
S 34a5b8,4 hit 
L 30a448,4 hit 
S 34a638,4 hit 
L 30a44c,4 hit 
S 34a6b8,4 hit 
L 30a450,4 hit 
S 34a738,4 hit 
L 30a454,4 hit 
S 34a7b8,4 hit 
L 30a458,4 hit 
S 34a838,4 hit 
L 30a45c,4 hit 
S 34a8b8,4 hit 
L 30a4c0,4 miss 
S 34a53c,4 hit 
L 30a4c4,4 hit 
S 34a5bc,4 hit 
L 30a4c8,4 hit 
S 34a63c,4 hit 
L 30a4cc,4 hit 
S 34a6bc,4 hit 
L 30a4d0,4 hit 
S 34a73c,4 hit 
L 30a4d4,4 hit 
S 34a7bc,4 hit 
L 30a4d8,4 hit 
S 34a83c,4 hit 
L 30a4dc,4 hit 
S 34a8bc,4 hit 
L 30a160,4 miss 
S 34a920,4 miss eviction 
L 30a164,4 hit 
S 34a9a0,4 miss eviction 
L 30a168,4 hit 
S 34aa20,4 miss eviction 
L 30a16c,4 hit 
S 34aaa0,4 miss eviction 
L 30a170,4 hit 
S 34ab20,4 miss eviction 
L 30a174,4 hit 
S 34aba0,4 miss eviction 
L 30a178,4 hit 
S 34ac20,4 miss eviction 
L 30a17c,4 hit 
S 34aca0,4 miss eviction 
L 30a1e0,4 miss 
S 34a924,4 hit 
L 30a1e4,4 hit 
S 34a9a4,4 hit 
L 30a1e8,4 hit 
S 34aa24,4 hit 
L 30a1ec,4 hit 
S 34aaa4,4 hit 
L 30a1f0,4 hit 
S 34ab24,4 hit 
L 30a1f4,4 hit 
S 34aba4,4 hit 
L 30a1f8,4 hit 
S 34ac24,4 hit 
L 30a1fc,4 hit 
S 34aca4,4 hit 
L 30a260,4 miss 
S 34a928,4 hit 
L 30a264,4 hit 
S 34a9a8,4 hit 
L 30a268,4 hit 
S 34aa28,4 hit 
L 30a26c,4 hit 
S 34aaa8,4 hit 
L 30a270,4 hit 
S 34ab28,4 hit 
L 30a274,4 hit 
S 34aba8,4 hit 
L 30a278,4 hit 
S 34ac28,4 hit 
L 30a27c,4 hit 
S 34aca8,4 hit 
L 30a2e0,4 miss 
S 34a92c,4 hit 
L 30a2e4,4 hit 
S 34a9ac,4 hit 
L 30a2e8,4 hit 
S 34aa2c,4 hit 
L 30a2ec,4 hit 
S 34aaac,4 hit 
L 30a2f0,4 hit 
S 34ab2c,4 hit 
L 30a2f4,4 hit 
S 34abac,4 hit 
L 30a2f8,4 hit 
S 34ac2c,4 hit 
L 30a2fc,4 hit 
S 34acac,4 hit 
L 30a360,4 miss 
S 34a930,4 hit 
L 30a364,4 hit 
S 34a9b0,4 hit 
L 30a368,4 hit 
S 34aa30,4 hit 
L 30a36c,4 hit 
S 34aab0,4 hit 
L 30a370,4 hit 
S 34ab30,4 hit 
L 30a374,4 hit 
S 34abb0,4 hit 
L 30a378,4 hit 
S 34ac30,4 hit 
L 30a37c,4 hit 
S 34acb0,4 hit 
L 30a3e0,4 miss 
S 34a934,4 hit 
L 30a3e4,4 hit 
S 34a9b4,4 hit 
L 30a3e8,4 hit 
S 34aa34,4 hit 
L 30a3ec,4 hit 
S 34aab4,4 hit 
L 30a3f0,4 hit 
S 34ab34,4 hit 
L 30a3f4,4 hit 
S 34abb4,4 hit 
L 30a3f8,4 hit 
S 34ac34,4 hit 
L 30a3fc,4 hit 
S 34acb4,4 hit 
L 30a460,4 miss 
S 34a938,4 hit 
L 30a464,4 hit 
S 34a9b8,4 hit 
L 30a468,4 hit 
S 34aa38,4 hit 
L 30a46c,4 hit 
S 34aab8,4 hit 
L 30a470,4 hit 
S 34ab38,4 hit 
L 30a474,4 hit 
S 34abb8,4 hit 
L 30a478,4 hit 
S 34ac38,4 hit 
L 30a47c,4 hit 
S 34acb8,4 hit 
L 30a4e0,4 miss 
S 34a93c,4 hit 
L 30a4e4,4 hit 
S 34a9bc,4 hit 
L 30a4e8,4 hit 
S 34aa3c,4 hit 
L 30a4ec,4 hit 
S 34aabc,4 hit 
L 30a4f0,4 hit 
S 34ab3c,4 hit 
L 30a4f4,4 hit 
S 34abbc,4 hit 
L 30a4f8,4 hit 
S 34ac3c,4 hit 
L 30a4fc,4 hit 
S 34acbc,4 hit 
L 30a180,4 miss 
S 34ad20,4 miss eviction 
L 30a184,4 hit 
S 34ada0,4 miss eviction 
L 30a188,4 hit 
S 34ae20,4 miss eviction 
L 30a18c,4 hit 
S 34aea0,4 miss eviction 
L 30a190,4 hit 
S 34af20,4 miss eviction 
L 30a194,4 hit 
S 34afa0,4 miss eviction 
L 30a198,4 hit 
S 34b020,4 miss eviction 
L 30a19c,4 hit 
S 34b0a0,4 miss eviction 
L 30a200,4 miss 
S 34ad24,4 hit 
L 30a204,4 hit 
S 34ada4,4 hit 
L 30a208,4 hit 
S 34ae24,4 hit 
L 30a20c,4 hit 
S 34aea4,4 hit 
L 30a210,4 hit 
S 34af24,4 hit 
L 30a214,4 hit 
S 34afa4,4 hit 
L 30a218,4 hit 
S 34b024,4 hit 
L 30a21c,4 hit 
S 34b0a4,4 hit 
L 30a280,4 miss 
S 34ad28,4 hit 
L 30a284,4 hit 
S 34ada8,4 hit 
L 30a288,4 hit 
S 34ae28,4 hit 
L 30a28c,4 hit 
S 34aea8,4 hit 
L 30a290,4 hit 
S 34af28,4 hit 
L 30a294,4 hit 
S 34afa8,4 hit 
L 30a298,4 hit 
S 34b028,4 hit 
L 30a29c,4 hit 
S 34b0a8,4 hit 
L 30a300,4 miss 
S 34ad2c,4 hit 
L 30a304,4 hit 
S 34adac,4 hit 
L 30a308,4 hit 
S 34ae2c,4 hit 
L 30a30c,4 hit 
S 34aeac,4 hit 
L 30a310,4 hit 
S 34af2c,4 hit 
L 30a314,4 hit 
S 34afac,4 hit 
L 30a318,4 hit 
S 34b02c,4 hit 
L 30a31c,4 hit 
S 34b0ac,4 hit 
L 30a380,4 miss 
S 34ad30,4 hit 
L 30a384,4 hit 
S 34adb0,4 hit 
L 30a388,4 hit 
S 34ae30,4 hit 
L 30a38c,4 hit 
S 34aeb0,4 hit 
L 30a390,4 hit 
S 34af30,4 hit 
L 30a394,4 hit 
S 34afb0,4 hit 
L 30a398,4 hit 
S 34b030,4 hit 
L 30a39c,4 hit 
S 34b0b0,4 hit 
L 30a400,4 miss 
S 34ad34,4 hit 
L 30a404,4 hit 
S 34adb4,4 hit 
L 30a408,4 hit 
S 34ae34,4 hit 
L 30a40c,4 hit 
S 34aeb4,4 hit 
L 30a410,4 hit 
S 34af34,4 hit 
L 30a414,4 hit 
S 34afb4,4 hit 
L 30a418,4 hit 
S 34b034,4 hit 
L 30a41c,4 hit 
S 34b0b4,4 hit 
L 30a480,4 miss 
S 34ad38,4 hit 
L 30a484,4 hit 
S 34adb8,4 hit 
L 30a488,4 hit 
S 34ae38,4 hit 
L 30a48c,4 hit 
S 34aeb8,4 hit 
L 30a490,4 hit 
S 34af38,4 hit 
L 30a494,4 hit 
S 34afb8,4 hit 
L 30a498,4 hit 
S 34b038,4 hit 
L 30a49c,4 hit 
S 34b0b8,4 hit 
L 30a500,4 miss 
S 34ad3c,4 hit 
L 30a504,4 hit 
S 34adbc,4 hit 
L 30a508,4 hit 
S 34ae3c,4 hit 
L 30a50c,4 hit 
S 34aebc,4 hit 
L 30a510,4 hit 
S 34af3c,4 hit 
L 30a514,4 hit 
S 34afbc,4 hit 
L 30a518,4 hit 
S 34b03c,4 hit 
L 30a51c,4 hit 
S 34b0bc,4 hit 
L 30a520,4 miss eviction 
S 34a140,4 miss eviction 
L 30a524,4 hit 
S 34a1c0,4 miss eviction 
L 30a528,4 hit 
S 34a240,4 miss eviction 
L 30a52c,4 hit 
S 34a2c0,4 miss eviction 
L 30a530,4 hit 
S 34a340,4 miss eviction 
L 30a534,4 hit 
S 34a3c0,4 miss eviction 
L 30a538,4 hit 
S 34a440,4 miss eviction 
L 30a53c,4 hit 
S 34a4c0,4 miss eviction 
L 30a5a0,4 miss eviction 
S 34a144,4 hit 
L 30a5a4,4 hit 
S 34a1c4,4 hit 
L 30a5a8,4 hit 
S 34a244,4 hit 
L 30a5ac,4 hit 
S 34a2c4,4 hit 
L 30a5b0,4 hit 
S 34a344,4 hit 
L 30a5b4,4 hit 
S 34a3c4,4 hit 
L 30a5b8,4 hit 
S 34a444,4 hit 
L 30a5bc,4 hit 
S 34a4c4,4 hit 
L 30a620,4 miss eviction 
S 34a148,4 hit 
L 30a624,4 hit 
S 34a1c8,4 hit 
L 30a628,4 hit 
S 34a248,4 hit 
L 30a62c,4 hit 
S 34a2c8,4 hit 
L 30a630,4 hit 
S 34a348,4 hit 
L 30a634,4 hit 
S 34a3c8,4 hit 
L 30a638,4 hit 
S 34a448,4 hit 
L 30a63c,4 hit 
S 34a4c8,4 hit 
L 30a6a0,4 miss eviction 
S 34a14c,4 hit 
L 30a6a4,4 hit 
S 34a1cc,4 hit 
L 30a6a8,4 hit 
S 34a24c,4 hit 
L 30a6ac,4 hit 
S 34a2cc,4 hit 
L 30a6b0,4 hit 
S 34a34c,4 hit 
L 30a6b4,4 hit 
S 34a3cc,4 hit 
L 30a6b8,4 hit 
S 34a44c,4 hit 
L 30a6bc,4 hit 
S 34a4cc,4 hit 
L 30a720,4 miss eviction 
S 34a150,4 hit 
L 30a724,4 hit 
S 34a1d0,4 hit 
L 30a728,4 hit 
S 34a250,4 hit 
L 30a72c,4 hit 
S 34a2d0,4 hit 
L 30a730,4 hit 
S 34a350,4 hit 
L 30a734,4 hit 
S 34a3d0,4 hit 
L 30a738,4 hit 
S 34a450,4 hit 
L 30a73c,4 hit 
S 34a4d0,4 hit 
L 30a7a0,4 miss eviction 
S 34a154,4 hit 
L 30a7a4,4 hit 
S 34a1d4,4 hit 
L 30a7a8,4 hit 
S 34a254,4 hit 
L 30a7ac,4 hit 
S 34a2d4,4 hit 
L 30a7b0,4 hit 
S 34a354,4 hit 
L 30a7b4,4 hit 
S 34a3d4,4 hit 
L 30a7b8,4 hit 
S 34a454,4 hit 
L 30a7bc,4 hit 
S 34a4d4,4 hit 
L 30a820,4 miss eviction 
S 34a158,4 hit 
L 30a824,4 hit 
S 34a1d8,4 hit 
L 30a828,4 hit 
S 34a258,4 hit 
L 30a82c,4 hit 
S 34a2d8,4 hit 
L 30a830,4 hit 
S 34a358,4 hit 
L 30a834,4 hit 
S 34a3d8,4 hit 
L 30a838,4 hit 
S 34a458,4 hit 
L 30a83c,4 hit 
S 34a4d8,4 hit 
L 30a8a0,4 miss eviction 
S 34a15c,4 hit 
L 30a8a4,4 hit 
S 34a1dc,4 hit 
L 30a8a8,4 hit 
S 34a25c,4 hit 
L 30a8ac,4 hit 
S 34a2dc,4 hit 
L 30a8b0,4 hit 
S 34a35c,4 hit 
L 30a8b4,4 hit 
S 34a3dc,4 hit 
L 30a8b8,4 hit 
S 34a45c,4 hit 
L 30a8bc,4 hit 
S 34a4dc,4 hit 
L 30a540,4 miss eviction 
S 34a540,4 miss eviction 
L 30a544,4 miss eviction 
S 34a5c0,4 miss eviction 
L 30a548,4 hit 
S 34a640,4 miss eviction 
L 30a54c,4 hit 
S 34a6c0,4 miss eviction 
L 30a550,4 hit 
S 34a740,4 miss eviction 
L 30a554,4 hit 
S 34a7c0,4 miss eviction 
L 30a558,4 hit 
S 34a840,4 miss eviction 
L 30a55c,4 hit 
S 34a8c0,4 miss eviction 
L 30a5c0,4 miss eviction 
S 34a544,4 miss eviction 
L 30a5c4,4 hit 
S 34a5c4,4 miss eviction 
L 30a5c8,4 miss eviction 
S 34a644,4 hit 
L 30a5cc,4 hit 
S 34a6c4,4 hit 
L 30a5d0,4 hit 
S 34a744,4 hit 
L 30a5d4,4 hit 
S 34a7c4,4 hit 
L 30a5d8,4 hit 
S 34a844,4 hit 
L 30a5dc,4 hit 
S 34a8c4,4 hit 
L 30a640,4 miss eviction 
S 34a548,4 hit 
L 30a644,4 hit 
S 34a5c8,4 miss eviction 
L 30a648,4 hit 
S 34a648,4 miss eviction 
L 30a64c,4 miss eviction 
S 34a6c8,4 hit 
L 30a650,4 hit 
S 34a748,4 hit 
L 30a654,4 hit 
S 34a7c8,4 hit 
L 30a658,4 hit 
S 34a848,4 hit 
L 30a65c,4 hit 
S 34a8c8,4 hit 
L 30a6c0,4 miss eviction 
S 34a54c,4 hit 
L 30a6c4,4 hit 
S 34a5cc,4 hit 
L 30a6c8,4 hit 
S 34a64c,4 miss eviction 
L 30a6cc,4 hit 
S 34a6cc,4 miss eviction 
L 30a6d0,4 miss eviction 
S 34a74c,4 hit 
L 30a6d4,4 hit 
S 34a7cc,4 hit 
L 30a6d8,4 hit 
S 34a84c,4 hit 
L 30a6dc,4 hit 
S 34a8cc,4 hit 
L 30a740,4 miss eviction 
S 34a550,4 hit 
L 30a744,4 hit 
S 34a5d0,4 hit 
L 30a748,4 hit 
S 34a650,4 hit 
L 30a74c,4 hit 
S 34a6d0,4 miss eviction 
L 30a750,4 hit 
S 34a750,4 miss eviction 
L 30a754,4 miss eviction 
S 34a7d0,4 hit 
L 30a758,4 hit 
S 34a850,4 hit 
L 30a75c,4 hit 
S 34a8d0,4 hit 
L 30a7c0,4 miss eviction 
S 34a554,4 hit 
L 30a7c4,4 hit 
S 34a5d4,4 hit 
L 30a7c8,4 hit 
S 34a654,4 hit 
L 30a7cc,4 hit 
S 34a6d4,4 hit 
L 30a7d0,4 hit 
S 34a754,4 miss eviction 
L 30a7d4,4 hit 
S 34a7d4,4 miss eviction 
L 30a7d8,4 miss eviction 
S 34a854,4 hit 
L 30a7dc,4 hit 
S 34a8d4,4 hit 
L 30a840,4 miss eviction 
S 34a558,4 hit 
L 30a844,4 hit 
S 34a5d8,4 hit 
L 30a848,4 hit 
S 34a658,4 hit 
L 30a84c,4 hit 
S 34a6d8,4 hit 
L 30a850,4 hit 
S 34a758,4 hit 
L 30a854,4 hit 
S 34a7d8,4 miss eviction 
L 30a858,4 hit 
S 34a858,4 miss eviction 
L 30a85c,4 miss eviction 
S 34a8d8,4 hit 
L 30a8c0,4 miss eviction 
S 34a55c,4 hit 
L 30a8c4,4 hit 
S 34a5dc,4 hit 
L 30a8c8,4 hit 
S 34a65c,4 hit 
L 30a8cc,4 hit 
S 34a6dc,4 hit 
L 30a8d0,4 hit 
S 34a75c,4 hit 
L 30a8d4,4 hit 
S 34a7dc,4 hit 
L 30a8d8,4 hit 
S 34a85c,4 miss eviction 
L 30a8dc,4 hit 
S 34a8dc,4 miss eviction 
L 30a560,4 miss eviction 
S 34a940,4 miss eviction 
L 30a564,4 hit 
S 34a9c0,4 miss eviction 
L 30a568,4 hit 
S 34aa40,4 miss eviction 
L 30a56c,4 hit 
S 34aac0,4 miss eviction 
L 30a570,4 hit 
S 34ab40,4 miss eviction 
L 30a574,4 hit 
S 34abc0,4 miss eviction 
L 30a578,4 hit 
S 34ac40,4 miss eviction 
L 30a57c,4 hit 
S 34acc0,4 miss eviction 
L 30a5e0,4 miss eviction 
S 34a944,4 hit 
L 30a5e4,4 hit 
S 34a9c4,4 hit 
L 30a5e8,4 hit 
S 34aa44,4 hit 
L 30a5ec,4 hit 
S 34aac4,4 hit 
L 30a5f0,4 hit 
S 34ab44,4 hit 
L 30a5f4,4 hit 
S 34abc4,4 hit 
L 30a5f8,4 hit 
S 34ac44,4 hit 
L 30a5fc,4 hit 
S 34acc4,4 hit 
L 30a660,4 miss eviction 
S 34a948,4 hit 
L 30a664,4 hit 
S 34a9c8,4 hit 
L 30a668,4 hit 
S 34aa48,4 hit 
L 30a66c,4 hit 
S 34aac8,4 hit 
L 30a670,4 hit 
S 34ab48,4 hit 
L 30a674,4 hit 
S 34abc8,4 hit 
L 30a678,4 hit 
S 34ac48,4 hit 
L 30a67c,4 hit 
S 34acc8,4 hit 
L 30a6e0,4 miss eviction 
S 34a94c,4 hit 
L 30a6e4,4 hit 
S 34a9cc,4 hit 
L 30a6e8,4 hit 
S 34aa4c,4 hit 
L 30a6ec,4 hit 
S 34aacc,4 hit 
L 30a6f0,4 hit 
S 34ab4c,4 hit 
L 30a6f4,4 hit 
S 34abcc,4 hit 
L 30a6f8,4 hit 
S 34ac4c,4 hit 
L 30a6fc,4 hit 
S 34accc,4 hit 
L 30a760,4 miss eviction 
S 34a950,4 hit 
L 30a764,4 hit 
S 34a9d0,4 hit 
L 30a768,4 hit 
S 34aa50,4 hit 
L 30a76c,4 hit 
S 34aad0,4 hit 
L 30a770,4 hit 
S 34ab50,4 hit 
L 30a774,4 hit 
S 34abd0,4 hit 
L 30a778,4 hit 
S 34ac50,4 hit 
L 30a77c,4 hit 
S 34acd0,4 hit 
L 30a7e0,4 miss eviction 
S 34a954,4 hit 
L 30a7e4,4 hit 
S 34a9d4,4 hit 
L 30a7e8,4 hit 
S 34aa54,4 hit 
L 30a7ec,4 hit 
S 34aad4,4 hit 
L 30a7f0,4 hit 
S 34ab54,4 hit 
L 30a7f4,4 hit 
S 34abd4,4 hit 
L 30a7f8,4 hit 
S 34ac54,4 hit 
L 30a7fc,4 hit 
S 34acd4,4 hit 
L 30a860,4 miss eviction 
S 34a958,4 hit 
L 30a864,4 hit 
S 34a9d8,4 hit 
L 30a868,4 hit 
S 34aa58,4 hit 
L 30a86c,4 hit 
S 34aad8,4 hit 
L 30a870,4 hit 
S 34ab58,4 hit 
L 30a874,4 hit 
S 34abd8,4 hit 
L 30a878,4 hit 
S 34ac58,4 hit 
L 30a87c,4 hit 
S 34acd8,4 hit 
L 30a8e0,4 miss eviction 
S 34a95c,4 hit 
L 30a8e4,4 hit 
S 34a9dc,4 hit 
L 30a8e8,4 hit 
S 34aa5c,4 hit 
L 30a8ec,4 hit 
S 34aadc,4 hit 
L 30a8f0,4 hit 
S 34ab5c,4 hit 
L 30a8f4,4 hit 
S 34abdc,4 hit 
L 30a8f8,4 hit 
S 34ac5c,4 hit 
L 30a8fc,4 hit 
S 34acdc,4 hit 
L 30a580,4 miss eviction 
S 34ad40,4 miss eviction 
L 30a584,4 hit 
S 34adc0,4 miss eviction 
L 30a588,4 hit 
S 34ae40,4 miss eviction 
L 30a58c,4 hit 
S 34aec0,4 miss eviction 
L 30a590,4 hit 
S 34af40,4 miss eviction 
L 30a594,4 hit 
S 34afc0,4 miss eviction 
L 30a598,4 hit 
S 34b040,4 miss eviction 
L 30a59c,4 hit 
S 34b0c0,4 miss eviction 
L 30a600,4 miss eviction 
S 34ad44,4 hit 
L 30a604,4 hit 
S 34adc4,4 hit 
L 30a608,4 hit 
S 34ae44,4 hit 
L 30a60c,4 hit 
S 34aec4,4 hit 
L 30a610,4 hit 
S 34af44,4 hit 
L 30a614,4 hit 
S 34afc4,4 hit 
L 30a618,4 hit 
S 34b044,4 hit 
L 30a61c,4 hit 
S 34b0c4,4 hit 
L 30a680,4 miss eviction 
S 34ad48,4 hit 
L 30a684,4 hit 
S 34adc8,4 hit 
L 30a688,4 hit 
S 34ae48,4 hit 
L 30a68c,4 hit 
S 34aec8,4 hit 
L 30a690,4 hit 
S 34af48,4 hit 
L 30a694,4 hit 
S 34afc8,4 hit 
L 30a698,4 hit 
S 34b048,4 hit 
L 30a69c,4 hit 
S 34b0c8,4 hit 
L 30a700,4 miss eviction 
S 34ad4c,4 hit 
L 30a704,4 hit 
S 34adcc,4 hit 
L 30a708,4 hit 
S 34ae4c,4 hit 
L 30a70c,4 hit 
S 34aecc,4 hit 
L 30a710,4 hit 
S 34af4c,4 hit 
L 30a714,4 hit 
S 34afcc,4 hit 
L 30a718,4 hit 
S 34b04c,4 hit 
L 30a71c,4 hit 
S 34b0cc,4 hit 
L 30a780,4 miss eviction 
S 34ad50,4 hit 
L 30a784,4 hit 
S 34add0,4 hit 
L 30a788,4 hit 
S 34ae50,4 hit 
L 30a78c,4 hit 
S 34aed0,4 hit 
L 30a790,4 hit 
S 34af50,4 hit 
L 30a794,4 hit 
S 34afd0,4 hit 
L 30a798,4 hit 
S 34b050,4 hit 
L 30a79c,4 hit 
S 34b0d0,4 hit 
L 30a800,4 miss eviction 
S 34ad54,4 hit 
L 30a804,4 hit 
S 34add4,4 hit 
L 30a808,4 hit 
S 34ae54,4 hit 
L 30a80c,4 hit 
S 34aed4,4 hit 
L 30a810,4 hit 
S 34af54,4 hit 
L 30a814,4 hit 
S 34afd4,4 hit 
L 30a818,4 hit 
S 34b054,4 hit 
L 30a81c,4 hit 
S 34b0d4,4 hit 
L 30a880,4 miss eviction 
S 34ad58,4 hit 
L 30a884,4 hit 
S 34add8,4 hit 
L 30a888,4 hit 
S 34ae58,4 hit 
L 30a88c,4 hit 
S 34aed8,4 hit 
L 30a890,4 hit 
S 34af58,4 hit 
L 30a894,4 hit 
S 34afd8,4 hit 
L 30a898,4 hit 
S 34b058,4 hit 
L 30a89c,4 hit 
S 34b0d8,4 hit 
L 30a900,4 miss eviction 
S 34ad5c,4 hit 
L 30a904,4 hit 
S 34addc,4 hit 
L 30a908,4 hit 
S 34ae5c,4 hit 
L 30a90c,4 hit 
S 34aedc,4 hit 
L 30a910,4 hit 
S 34af5c,4 hit 
L 30a914,4 hit 
S 34afdc,4 hit 
L 30a918,4 hit 
S 34b05c,4 hit 
L 30a91c,4 hit 
S 34b0dc,4 hit 
L 30a920,4 miss eviction 
S 34a160,4 miss eviction 
L 30a924,4 hit 
S 34a1e0,4 miss eviction 
L 30a928,4 hit 
S 34a260,4 miss eviction 
L 30a92c,4 hit 
S 34a2e0,4 miss eviction 
L 30a930,4 hit 
S 34a360,4 miss eviction 
L 30a934,4 hit 
S 34a3e0,4 miss eviction 
L 30a938,4 hit 
S 34a460,4 miss eviction 
L 30a93c,4 hit 
S 34a4e0,4 miss eviction 
L 30a9a0,4 miss eviction 
S 34a164,4 hit 
L 30a9a4,4 hit 
S 34a1e4,4 hit 
L 30a9a8,4 hit 
S 34a264,4 hit 
L 30a9ac,4 hit 
S 34a2e4,4 hit 
L 30a9b0,4 hit 
S 34a364,4 hit 
L 30a9b4,4 hit 
S 34a3e4,4 hit 
L 30a9b8,4 hit 
S 34a464,4 hit 
L 30a9bc,4 hit 
S 34a4e4,4 hit 
L 30aa20,4 miss eviction 
S 34a168,4 hit 
L 30aa24,4 hit 
S 34a1e8,4 hit 
L 30aa28,4 hit 
S 34a268,4 hit 
L 30aa2c,4 hit 
S 34a2e8,4 hit 
L 30aa30,4 hit 
S 34a368,4 hit 
L 30aa34,4 hit 
S 34a3e8,4 hit 
L 30aa38,4 hit 
S 34a468,4 hit 
L 30aa3c,4 hit 
S 34a4e8,4 hit 
L 30aaa0,4 miss eviction 
S 34a16c,4 hit 
L 30aaa4,4 hit 
S 34a1ec,4 hit 
L 30aaa8,4 hit 
S 34a26c,4 hit 
L 30aaac,4 hit 
S 34a2ec,4 hit 
L 30aab0,4 hit 
S 34a36c,4 hit 
L 30aab4,4 hit 
S 34a3ec,4 hit 
L 30aab8,4 hit 
S 34a46c,4 hit 
L 30aabc,4 hit 
S 34a4ec,4 hit 
L 30ab20,4 miss eviction 
S 34a170,4 hit 
L 30ab24,4 hit 
S 34a1f0,4 hit 
L 30ab28,4 hit 
S 34a270,4 hit 
L 30ab2c,4 hit 
S 34a2f0,4 hit 
L 30ab30,4 hit 
S 34a370,4 hit 
L 30ab34,4 hit 
S 34a3f0,4 hit 
L 30ab38,4 hit 
S 34a470,4 hit 
L 30ab3c,4 hit 
S 34a4f0,4 hit 
L 30aba0,4 miss eviction 
S 34a174,4 hit 
L 30aba4,4 hit 
S 34a1f4,4 hit 
L 30aba8,4 hit 
S 34a274,4 hit 
L 30abac,4 hit 
S 34a2f4,4 hit 
L 30abb0,4 hit 
S 34a374,4 hit 
L 30abb4,4 hit 
S 34a3f4,4 hit 
L 30abb8,4 hit 
S 34a474,4 hit 
L 30abbc,4 hit 
S 34a4f4,4 hit 
L 30ac20,4 miss eviction 
S 34a178,4 hit 
L 30ac24,4 hit 
S 34a1f8,4 hit 
L 30ac28,4 hit 
S 34a278,4 hit 
L 30ac2c,4 hit 
S 34a2f8,4 hit 
L 30ac30,4 hit 
S 34a378,4 hit 
L 30ac34,4 hit 
S 34a3f8,4 hit 
L 30ac38,4 hit 
S 34a478,4 hit 
L 30ac3c,4 hit 
S 34a4f8,4 hit 
L 30aca0,4 miss eviction 
S 34a17c,4 hit 
L 30aca4,4 hit 
S 34a1fc,4 hit 
L 30aca8,4 hit 
S 34a27c,4 hit 
L 30acac,4 hit 
S 34a2fc,4 hit 
L 30acb0,4 hit 
S 34a37c,4 hit 
L 30acb4,4 hit 
S 34a3fc,4 hit 
L 30acb8,4 hit 
S 34a47c,4 hit 
L 30acbc,4 hit 
S 34a4fc,4 hit 
L 30a940,4 miss eviction 
S 34a560,4 miss eviction 
L 30a944,4 hit 
S 34a5e0,4 miss eviction 
L 30a948,4 hit 
S 34a660,4 miss eviction 
L 30a94c,4 hit 
S 34a6e0,4 miss eviction 
L 30a950,4 hit 
S 34a760,4 miss eviction 
L 30a954,4 hit 
S 34a7e0,4 miss eviction 
L 30a958,4 hit 
S 34a860,4 miss eviction 
L 30a95c,4 hit 
S 34a8e0,4 miss eviction 
L 30a9c0,4 miss eviction 
S 34a564,4 hit 
L 30a9c4,4 hit 
S 34a5e4,4 hit 
L 30a9c8,4 hit 
S 34a664,4 hit 
L 30a9cc,4 hit 
S 34a6e4,4 hit 
L 30a9d0,4 hit 
S 34a764,4 hit 
L 30a9d4,4 hit 
S 34a7e4,4 hit 
L 30a9d8,4 hit 
S 34a864,4 hit 
L 30a9dc,4 hit 
S 34a8e4,4 hit 
L 30aa40,4 miss eviction 
S 34a568,4 hit 
L 30aa44,4 hit 
S 34a5e8,4 hit 
L 30aa48,4 hit 
S 34a668,4 hit 
L 30aa4c,4 hit 
S 34a6e8,4 hit 
L 30aa50,4 hit 
S 34a768,4 hit 
L 30aa54,4 hit 
S 34a7e8,4 hit 
L 30aa58,4 hit 
S 34a868,4 hit 
L 30aa5c,4 hit 
S 34a8e8,4 hit 
L 30aac0,4 miss eviction 
S 34a56c,4 hit 
L 30aac4,4 hit 
S 34a5ec,4 hit 
L 30aac8,4 hit 
S 34a66c,4 hit 
L 30aacc,4 hit 
S 34a6ec,4 hit 
L 30aad0,4 hit 
S 34a76c,4 hit 
L 30aad4,4 hit 
S 34a7ec,4 hit 
L 30aad8,4 hit 
S 34a86c,4 hit 
L 30aadc,4 hit 
S 34a8ec,4 hit 
L 30ab40,4 miss eviction 
S 34a570,4 hit 
L 30ab44,4 hit 
S 34a5f0,4 hit 
L 30ab48,4 hit 
S 34a670,4 hit 
L 30ab4c,4 hit 
S 34a6f0,4 hit 
L 30ab50,4 hit 
S 34a770,4 hit 
L 30ab54,4 hit 
S 34a7f0,4 hit 
L 30ab58,4 hit 
S 34a870,4 hit 
L 30ab5c,4 hit 
S 34a8f0,4 hit 
L 30abc0,4 miss eviction 
S 34a574,4 hit 
L 30abc4,4 hit 
S 34a5f4,4 hit 
L 30abc8,4 hit 
S 34a674,4 hit 
L 30abcc,4 hit 
S 34a6f4,4 hit 
L 30abd0,4 hit 
S 34a774,4 hit 
L 30abd4,4 hit 
S 34a7f4,4 hit 
L 30abd8,4 hit 
S 34a874,4 hit 
L 30abdc,4 hit 
S 34a8f4,4 hit 
L 30ac40,4 miss eviction 
S 34a578,4 hit 
L 30ac44,4 hit 
S 34a5f8,4 hit 
L 30ac48,4 hit 
S 34a678,4 hit 
L 30ac4c,4 hit 
S 34a6f8,4 hit 
L 30ac50,4 hit 
S 34a778,4 hit 
L 30ac54,4 hit 
S 34a7f8,4 hit 
L 30ac58,4 hit 
S 34a878,4 hit 
L 30ac5c,4 hit 
S 34a8f8,4 hit 
L 30acc0,4 miss eviction 
S 34a57c,4 hit 
L 30acc4,4 hit 
S 34a5fc,4 hit 
L 30acc8,4 hit 
S 34a67c,4 hit 
L 30accc,4 hit 
S 34a6fc,4 hit 
L 30acd0,4 hit 
S 34a77c,4 hit 
L 30acd4,4 hit 
S 34a7fc,4 hit 
L 30acd8,4 hit 
S 34a87c,4 hit 
L 30acdc,4 hit 
S 34a8fc,4 hit 
L 30a960,4 miss eviction 
S 34a960,4 miss eviction 
L 30a964,4 miss eviction 
S 34a9e0,4 miss eviction 
L 30a968,4 hit 
S 34aa60,4 miss eviction 
L 30a96c,4 hit 
S 34aae0,4 miss eviction 
L 30a970,4 hit 
S 34ab60,4 miss eviction 
L 30a974,4 hit 
S 34abe0,4 miss eviction 
L 30a978,4 hit 
S 34ac60,4 miss eviction 
L 30a97c,4 hit 
S 34ace0,4 miss eviction 
L 30a9e0,4 miss eviction 
S 34a964,4 miss eviction 
L 30a9e4,4 hit 
S 34a9e4,4 miss eviction 
L 30a9e8,4 miss eviction 
S 34aa64,4 hit 
L 30a9ec,4 hit 
S 34aae4,4 hit 
L 30a9f0,4 hit 
S 34ab64,4 hit 
L 30a9f4,4 hit 
S 34abe4,4 hit 
L 30a9f8,4 hit 
S 34ac64,4 hit 
L 30a9fc,4 hit 
S 34ace4,4 hit 
L 30aa60,4 miss eviction 
S 34a968,4 hit 
L 30aa64,4 hit 
S 34a9e8,4 miss eviction 
L 30aa68,4 hit 
S 34aa68,4 miss eviction 
L 30aa6c,4 miss eviction 
S 34aae8,4 hit 
L 30aa70,4 hit 
S 34ab68,4 hit 
L 30aa74,4 hit 
S 34abe8,4 hit 
L 30aa78,4 hit 
S 34ac68,4 hit 
L 30aa7c,4 hit 
S 34ace8,4 hit 
L 30aae0,4 miss eviction 
S 34a96c,4 hit 
L 30aae4,4 hit 
S 34a9ec,4 hit 
L 30aae8,4 hit 
S 34aa6c,4 miss eviction 
L 30aaec,4 hit 
S 34aaec,4 miss eviction 
L 30aaf0,4 miss eviction 
S 34ab6c,4 hit 
L 30aaf4,4 hit 
S 34abec,4 hit 
L 30aaf8,4 hit 
S 34ac6c,4 hit 
L 30aafc,4 hit 
S 34acec,4 hit 
L 30ab60,4 miss eviction 
S 34a970,4 hit 
L 30ab64,4 hit 
S 34a9f0,4 hit 
L 30ab68,4 hit 
S 34aa70,4 hit 
L 30ab6c,4 hit 
S 34aaf0,4 miss eviction 
L 30ab70,4 hit 
S 34ab70,4 miss eviction 
L 30ab74,4 miss eviction 
S 34abf0,4 hit 
L 30ab78,4 hit 
S 34ac70,4 hit 
L 30ab7c,4 hit 
S 34acf0,4 hit 
L 30abe0,4 miss eviction 
S 34a974,4 hit 
L 30abe4,4 hit 
S 34a9f4,4 hit 
L 30abe8,4 hit 
S 34aa74,4 hit 
L 30abec,4 hit 
S 34aaf4,4 hit 
L 30abf0,4 hit 
S 34ab74,4 miss eviction 
L 30abf4,4 hit 
S 34abf4,4 miss eviction 
L 30abf8,4 miss eviction 
S 34ac74,4 hit 
L 30abfc,4 hit 
S 34acf4,4 hit 
L 30ac60,4 miss eviction 
S 34a978,4 hit 
L 30ac64,4 hit 
S 34a9f8,4 hit 
L 30ac68,4 hit 
S 34aa78,4 hit 
L 30ac6c,4 hit 
S 34aaf8,4 hit 
L 30ac70,4 hit 
S 34ab78,4 hit 
L 30ac74,4 hit 
S 34abf8,4 miss eviction 
L 30ac78,4 hit 
S 34ac78,4 miss eviction 
L 30ac7c,4 miss eviction 
S 34acf8,4 hit 
L 30ace0,4 miss eviction 
S 34a97c,4 hit 
L 30ace4,4 hit 
S 34a9fc,4 hit 
L 30ace8,4 hit 
S 34aa7c,4 hit 
L 30acec,4 hit 
S 34aafc,4 hit 
L 30acf0,4 hit 
S 34ab7c,4 hit 
L 30acf4,4 hit 
S 34abfc,4 hit 
L 30acf8,4 hit 
S 34ac7c,4 miss eviction 
L 30acfc,4 hit 
S 34acfc,4 miss eviction 
L 30a980,4 miss eviction 
S 34ad60,4 miss eviction 
L 30a984,4 hit 
S 34ade0,4 miss eviction 
L 30a988,4 hit 
S 34ae60,4 miss eviction 
L 30a98c,4 hit 
S 34aee0,4 miss eviction 
L 30a990,4 hit 
S 34af60,4 miss eviction 
L 30a994,4 hit 
S 34afe0,4 miss eviction 
L 30a998,4 hit 
S 34b060,4 miss eviction 
L 30a99c,4 hit 
S 34b0e0,4 miss eviction 
L 30aa00,4 miss eviction 
S 34ad64,4 hit 
L 30aa04,4 hit 
S 34ade4,4 hit 
L 30aa08,4 hit 
S 34ae64,4 hit 
L 30aa0c,4 hit 
S 34aee4,4 hit 
L 30aa10,4 hit 
S 34af64,4 hit 
L 30aa14,4 hit 
S 34afe4,4 hit 
L 30aa18,4 hit 
S 34b064,4 hit 
L 30aa1c,4 hit 
S 34b0e4,4 hit 
L 30aa80,4 miss eviction 
S 34ad68,4 hit 
L 30aa84,4 hit 
S 34ade8,4 hit 
L 30aa88,4 hit 
S 34ae68,4 hit 
L 30aa8c,4 hit 
S 34aee8,4 hit 
L 30aa90,4 hit 
S 34af68,4 hit 
L 30aa94,4 hit 
S 34afe8,4 hit 
L 30aa98,4 hit 
S 34b068,4 hit 
L 30aa9c,4 hit 
S 34b0e8,4 hit 
L 30ab00,4 miss eviction 
S 34ad6c,4 hit 
L 30ab04,4 hit 
S 34adec,4 hit 
L 30ab08,4 hit 
S 34ae6c,4 hit 
L 30ab0c,4 hit 
S 34aeec,4 hit 
L 30ab10,4 hit 
S 34af6c,4 hit 
L 30ab14,4 hit 
S 34afec,4 hit 
L 30ab18,4 hit 
S 34b06c,4 hit 
L 30ab1c,4 hit 
S 34b0ec,4 hit 
L 30ab80,4 miss eviction 
S 34ad70,4 hit 
L 30ab84,4 hit 
S 34adf0,4 hit 
L 30ab88,4 hit 
S 34ae70,4 hit 
L 30ab8c,4 hit 
S 34aef0,4 hit 
L 30ab90,4 hit 
S 34af70,4 hit 
L 30ab94,4 hit 
S 34aff0,4 hit 
L 30ab98,4 hit 
S 34b070,4 hit 
L 30ab9c,4 hit 
S 34b0f0,4 hit 
L 30ac00,4 miss eviction 
S 34ad74,4 hit 
L 30ac04,4 hit 
S 34adf4,4 hit 
L 30ac08,4 hit 
S 34ae74,4 hit 
L 30ac0c,4 hit 
S 34aef4,4 hit 
L 30ac10,4 hit 
S 34af74,4 hit 
L 30ac14,4 hit 
S 34aff4,4 hit 
L 30ac18,4 hit 
S 34b074,4 hit 
L 30ac1c,4 hit 
S 34b0f4,4 hit 
L 30ac80,4 miss eviction 
S 34ad78,4 hit 
L 30ac84,4 hit 
S 34adf8,4 hit 
L 30ac88,4 hit 
S 34ae78,4 hit 
L 30ac8c,4 hit 
S 34aef8,4 hit 
L 30ac90,4 hit 
S 34af78,4 hit 
L 30ac94,4 hit 
S 34aff8,4 hit 
L 30ac98,4 hit 
S 34b078,4 hit 
L 30ac9c,4 hit 
S 34b0f8,4 hit 
L 30ad00,4 miss eviction 
S 34ad7c,4 hit 
L 30ad04,4 hit 
S 34adfc,4 hit 
L 30ad08,4 hit 
S 34ae7c,4 hit 
L 30ad0c,4 hit 
S 34aefc,4 hit 
L 30ad10,4 hit 
S 34af7c,4 hit 
L 30ad14,4 hit 
S 34affc,4 hit 
L 30ad18,4 hit 
S 34b07c,4 hit 
L 30ad1c,4 hit 
S 34b0fc,4 hit 
L 30ad20,4 miss eviction 
S 34a180,4 miss eviction 
L 30ad24,4 hit 
S 34a200,4 miss eviction 
L 30ad28,4 hit 
S 34a280,4 miss eviction 
L 30ad2c,4 hit 
S 34a300,4 miss eviction 
L 30ad30,4 hit 
S 34a380,4 miss eviction 
L 30ad34,4 hit 
S 34a400,4 miss eviction 
L 30ad38,4 hit 
S 34a480,4 miss eviction 
L 30ad3c,4 hit 
S 34a500,4 miss eviction 
L 30ada0,4 miss eviction 
S 34a184,4 hit 
L 30ada4,4 hit 
S 34a204,4 hit 
L 30ada8,4 hit 
S 34a284,4 hit 
L 30adac,4 hit 
S 34a304,4 hit 
L 30adb0,4 hit 
S 34a384,4 hit 
L 30adb4,4 hit 
S 34a404,4 hit 
L 30adb8,4 hit 
S 34a484,4 hit 
L 30adbc,4 hit 
S 34a504,4 hit 
L 30ae20,4 miss eviction 
S 34a188,4 hit 
L 30ae24,4 hit 
S 34a208,4 hit 
L 30ae28,4 hit 
S 34a288,4 hit 
L 30ae2c,4 hit 
S 34a308,4 hit 
L 30ae30,4 hit 
S 34a388,4 hit 
L 30ae34,4 hit 
S 34a408,4 hit 
L 30ae38,4 hit 
S 34a488,4 hit 
L 30ae3c,4 hit 
S 34a508,4 hit 
L 30aea0,4 miss eviction 
S 34a18c,4 hit 
L 30aea4,4 hit 
S 34a20c,4 hit 
L 30aea8,4 hit 
S 34a28c,4 hit 
L 30aeac,4 hit 
S 34a30c,4 hit 
L 30aeb0,4 hit 
S 34a38c,4 hit 
L 30aeb4,4 hit 
S 34a40c,4 hit 
L 30aeb8,4 hit 
S 34a48c,4 hit 
L 30aebc,4 hit 
S 34a50c,4 hit 
L 30af20,4 miss eviction 
S 34a190,4 hit 
L 30af24,4 hit 
S 34a210,4 hit 
L 30af28,4 hit 
S 34a290,4 hit 
L 30af2c,4 hit 
S 34a310,4 hit 
L 30af30,4 hit 
S 34a390,4 hit 
L 30af34,4 hit 
S 34a410,4 hit 
L 30af38,4 hit 
S 34a490,4 hit 
L 30af3c,4 hit 
S 34a510,4 hit 
L 30afa0,4 miss eviction 
S 34a194,4 hit 
L 30afa4,4 hit 
S 34a214,4 hit 
L 30afa8,4 hit 
S 34a294,4 hit 
L 30afac,4 hit 
S 34a314,4 hit 
L 30afb0,4 hit 
S 34a394,4 hit 
L 30afb4,4 hit 
S 34a414,4 hit 
L 30afb8,4 hit 
S 34a494,4 hit 
L 30afbc,4 hit 
S 34a514,4 hit 
L 30b020,4 miss eviction 
S 34a198,4 hit 
L 30b024,4 hit 
S 34a218,4 hit 
L 30b028,4 hit 
S 34a298,4 hit 
L 30b02c,4 hit 
S 34a318,4 hit 
L 30b030,4 hit 
S 34a398,4 hit 
L 30b034,4 hit 
S 34a418,4 hit 
L 30b038,4 hit 
S 34a498,4 hit 
L 30b03c,4 hit 
S 34a518,4 hit 
L 30b0a0,4 miss eviction 
S 34a19c,4 hit 
L 30b0a4,4 hit 
S 34a21c,4 hit 
L 30b0a8,4 hit 
S 34a29c,4 hit 
L 30b0ac,4 hit 
S 34a31c,4 hit 
L 30b0b0,4 hit 
S 34a39c,4 hit 
L 30b0b4,4 hit 
S 34a41c,4 hit 
L 30b0b8,4 hit 
S 34a49c,4 hit 
L 30b0bc,4 hit 
S 34a51c,4 hit 
L 30ad40,4 miss eviction 
S 34a580,4 miss eviction 
L 30ad44,4 hit 
S 34a600,4 miss eviction 
L 30ad48,4 hit 
S 34a680,4 miss eviction 
L 30ad4c,4 hit 
S 34a700,4 miss eviction 
L 30ad50,4 hit 
S 34a780,4 miss eviction 
L 30ad54,4 hit 
S 34a800,4 miss eviction 
L 30ad58,4 hit 
S 34a880,4 miss eviction 
L 30ad5c,4 hit 
S 34a900,4 miss eviction 
L 30adc0,4 miss eviction 
S 34a584,4 hit 
L 30adc4,4 hit 
S 34a604,4 hit 
L 30adc8,4 hit 
S 34a684,4 hit 
L 30adcc,4 hit 
S 34a704,4 hit 
L 30add0,4 hit 
S 34a784,4 hit 
L 30add4,4 hit 
S 34a804,4 hit 
L 30add8,4 hit 
S 34a884,4 hit 
L 30addc,4 hit 
S 34a904,4 hit 
L 30ae40,4 miss eviction 
S 34a588,4 hit 
L 30ae44,4 hit 
S 34a608,4 hit 
L 30ae48,4 hit 
S 34a688,4 hit 
L 30ae4c,4 hit 
S 34a708,4 hit 
L 30ae50,4 hit 
S 34a788,4 hit 
L 30ae54,4 hit 
S 34a808,4 hit 
L 30ae58,4 hit 
S 34a888,4 hit 
L 30ae5c,4 hit 
S 34a908,4 hit 
L 30aec0,4 miss eviction 
S 34a58c,4 hit 
L 30aec4,4 hit 
S 34a60c,4 hit 
L 30aec8,4 hit 
S 34a68c,4 hit 
L 30aecc,4 hit 
S 34a70c,4 hit 
L 30aed0,4 hit 
S 34a78c,4 hit 
L 30aed4,4 hit 
S 34a80c,4 hit 
L 30aed8,4 hit 
S 34a88c,4 hit 
L 30aedc,4 hit 
S 34a90c,4 hit 
L 30af40,4 miss eviction 
S 34a590,4 hit 
L 30af44,4 hit 
S 34a610,4 hit 
L 30af48,4 hit 
S 34a690,4 hit 
L 30af4c,4 hit 
S 34a710,4 hit 
L 30af50,4 hit 
S 34a790,4 hit 
L 30af54,4 hit 
S 34a810,4 hit 
L 30af58,4 hit 
S 34a890,4 hit 
L 30af5c,4 hit 
S 34a910,4 hit 
L 30afc0,4 miss eviction 
S 34a594,4 hit 
L 30afc4,4 hit 
S 34a614,4 hit 
L 30afc8,4 hit 
S 34a694,4 hit 
L 30afcc,4 hit 
S 34a714,4 hit 
L 30afd0,4 hit 
S 34a794,4 hit 
L 30afd4,4 hit 
S 34a814,4 hit 
L 30afd8,4 hit 
S 34a894,4 hit 
L 30afdc,4 hit 
S 34a914,4 hit 
L 30b040,4 miss eviction 
S 34a598,4 hit 
L 30b044,4 hit 
S 34a618,4 hit 
L 30b048,4 hit 
S 34a698,4 hit 
L 30b04c,4 hit 
S 34a718,4 hit 
L 30b050,4 hit 
S 34a798,4 hit 
L 30b054,4 hit 
S 34a818,4 hit 
L 30b058,4 hit 
S 34a898,4 hit 
L 30b05c,4 hit 
S 34a918,4 hit 
L 30b0c0,4 miss eviction 
S 34a59c,4 hit 
L 30b0c4,4 hit 
S 34a61c,4 hit 
L 30b0c8,4 hit 
S 34a69c,4 hit 
L 30b0cc,4 hit 
S 34a71c,4 hit 
L 30b0d0,4 hit 
S 34a79c,4 hit 
L 30b0d4,4 hit 
S 34a81c,4 hit 
L 30b0d8,4 hit 
S 34a89c,4 hit 
L 30b0dc,4 hit 
S 34a91c,4 hit 
L 30ad60,4 miss eviction 
S 34a980,4 miss eviction 
L 30ad64,4 hit 
S 34aa00,4 miss eviction 
L 30ad68,4 hit 
S 34aa80,4 miss eviction 
L 30ad6c,4 hit 
S 34ab00,4 miss eviction 
L 30ad70,4 hit 
S 34ab80,4 miss eviction 
L 30ad74,4 hit 
S 34ac00,4 miss eviction 
L 30ad78,4 hit 
S 34ac80,4 miss eviction 
L 30ad7c,4 hit 
S 34ad00,4 miss eviction 
L 30ade0,4 miss eviction 
S 34a984,4 hit 
L 30ade4,4 hit 
S 34aa04,4 hit 
L 30ade8,4 hit 
S 34aa84,4 hit 
L 30adec,4 hit 
S 34ab04,4 hit 
L 30adf0,4 hit 
S 34ab84,4 hit 
L 30adf4,4 hit 
S 34ac04,4 hit 
L 30adf8,4 hit 
S 34ac84,4 hit 
L 30adfc,4 hit 
S 34ad04,4 hit 
L 30ae60,4 miss eviction 
S 34a988,4 hit 
L 30ae64,4 hit 
S 34aa08,4 hit 
L 30ae68,4 hit 
S 34aa88,4 hit 
L 30ae6c,4 hit 
S 34ab08,4 hit 
L 30ae70,4 hit 
S 34ab88,4 hit 
L 30ae74,4 hit 
S 34ac08,4 hit 
L 30ae78,4 hit 
S 34ac88,4 hit 
L 30ae7c,4 hit 
S 34ad08,4 hit 
L 30aee0,4 miss eviction 
S 34a98c,4 hit 
L 30aee4,4 hit 
S 34aa0c,4 hit 
L 30aee8,4 hit 
S 34aa8c,4 hit 
L 30aeec,4 hit 
S 34ab0c,4 hit 
L 30aef0,4 hit 
S 34ab8c,4 hit 
L 30aef4,4 hit 
S 34ac0c,4 hit 
L 30aef8,4 hit 
S 34ac8c,4 hit 
L 30aefc,4 hit 
S 34ad0c,4 hit 
L 30af60,4 miss eviction 
S 34a990,4 hit 
L 30af64,4 hit 
S 34aa10,4 hit 
L 30af68,4 hit 
S 34aa90,4 hit 
L 30af6c,4 hit 
S 34ab10,4 hit 
L 30af70,4 hit 
S 34ab90,4 hit 
L 30af74,4 hit 
S 34ac10,4 hit 
L 30af78,4 hit 
S 34ac90,4 hit 
L 30af7c,4 hit 
S 34ad10,4 hit 
L 30afe0,4 miss eviction 
S 34a994,4 hit 
L 30afe4,4 hit 
S 34aa14,4 hit 
L 30afe8,4 hit 
S 34aa94,4 hit 
L 30afec,4 hit 
S 34ab14,4 hit 
L 30aff0,4 hit 
S 34ab94,4 hit 
L 30aff4,4 hit 
S 34ac14,4 hit 
L 30aff8,4 hit 
S 34ac94,4 hit 
L 30affc,4 hit 
S 34ad14,4 hit 
L 30b060,4 miss eviction 
S 34a998,4 hit 
L 30b064,4 hit 
S 34aa18,4 hit 
L 30b068,4 hit 
S 34aa98,4 hit 
L 30b06c,4 hit 
S 34ab18,4 hit 
L 30b070,4 hit 
S 34ab98,4 hit 
L 30b074,4 hit 
S 34ac18,4 hit 
L 30b078,4 hit 
S 34ac98,4 hit 
L 30b07c,4 hit 
S 34ad18,4 hit 
L 30b0e0,4 miss eviction 
S 34a99c,4 hit 
L 30b0e4,4 hit 
S 34aa1c,4 hit 
L 30b0e8,4 hit 
S 34aa9c,4 hit 
L 30b0ec,4 hit 
S 34ab1c,4 hit 
L 30b0f0,4 hit 
S 34ab9c,4 hit 
L 30b0f4,4 hit 
S 34ac1c,4 hit 
L 30b0f8,4 hit 
S 34ac9c,4 hit 
L 30b0fc,4 hit 
S 34ad1c,4 hit 
L 30ad80,4 miss eviction 
S 34ad80,4 miss eviction 
L 30ad84,4 miss eviction 
S 34ae00,4 miss eviction 
L 30ad88,4 hit 
S 34ae80,4 miss eviction 
L 30ad8c,4 hit 
S 34af00,4 miss eviction 
L 30ad90,4 hit 
S 34af80,4 miss eviction 
L 30ad94,4 hit 
S 34b000,4 miss eviction 
L 30ad98,4 hit 
S 34b080,4 miss eviction 
L 30ad9c,4 hit 
S 34b100,4 miss eviction 
L 30ae00,4 miss eviction 
S 34ad84,4 miss eviction 
L 30ae04,4 hit 
S 34ae04,4 miss eviction 
L 30ae08,4 miss eviction 
S 34ae84,4 hit 
L 30ae0c,4 hit 
S 34af04,4 hit 
L 30ae10,4 hit 
S 34af84,4 hit 
L 30ae14,4 hit 
S 34b004,4 hit 
L 30ae18,4 hit 
S 34b084,4 hit 
L 30ae1c,4 hit 
S 34b104,4 hit 
L 30ae80,4 miss eviction 
S 34ad88,4 hit 
L 30ae84,4 hit 
S 34ae08,4 miss eviction 
L 30ae88,4 hit 
S 34ae88,4 miss eviction 
L 30ae8c,4 miss eviction 
S 34af08,4 hit 
L 30ae90,4 hit 
S 34af88,4 hit 
L 30ae94,4 hit 
S 34b008,4 hit 
L 30ae98,4 hit 
S 34b088,4 hit 
L 30ae9c,4 hit 
S 34b108,4 hit 
L 30af00,4 miss eviction 
S 34ad8c,4 hit 
L 30af04,4 hit 
S 34ae0c,4 hit 
L 30af08,4 hit 
S 34ae8c,4 miss eviction 
L 30af0c,4 hit 
S 34af0c,4 miss eviction 
L 30af10,4 miss eviction 
S 34af8c,4 hit 
L 30af14,4 hit 
S 34b00c,4 hit 
L 30af18,4 hit 
S 34b08c,4 hit 
L 30af1c,4 hit 
S 34b10c,4 hit 
L 30af80,4 miss eviction 
S 34ad90,4 hit 
L 30af84,4 hit 
S 34ae10,4 hit 
L 30af88,4 hit 
S 34ae90,4 hit 
L 30af8c,4 hit 
S 34af10,4 miss eviction 
L 30af90,4 hit 
S 34af90,4 miss eviction 
L 30af94,4 miss eviction 
S 34b010,4 hit 
L 30af98,4 hit 
S 34b090,4 hit 
L 30af9c,4 hit 
S 34b110,4 hit 
L 30b000,4 miss eviction 
S 34ad94,4 hit 
L 30b004,4 hit 
S 34ae14,4 hit 
L 30b008,4 hit 
S 34ae94,4 hit 
L 30b00c,4 hit 
S 34af14,4 hit 
L 30b010,4 hit 
S 34af94,4 miss eviction 
L 30b014,4 hit 
S 34b014,4 miss eviction 
L 30b018,4 miss eviction 
S 34b094,4 hit 
L 30b01c,4 hit 
S 34b114,4 hit 
L 30b080,4 miss eviction 
S 34ad98,4 hit 
L 30b084,4 hit 
S 34ae18,4 hit 
L 30b088,4 hit 
S 34ae98,4 hit 
L 30b08c,4 hit 
S 34af18,4 hit 
L 30b090,4 hit 
S 34af98,4 hit 
L 30b094,4 hit 
S 34b018,4 miss eviction 
L 30b098,4 hit 
S 34b098,4 miss eviction 
L 30b09c,4 miss eviction 
S 34b118,4 hit 
L 30b100,4 miss eviction 
S 34ad9c,4 hit 
L 30b104,4 hit 
S 34ae1c,4 hit 
L 30b108,4 hit 
S 34ae9c,4 hit 
L 30b10c,4 hit 
S 34af1c,4 hit 
L 30b110,4 hit 
S 34af9c,4 hit 
L 30b114,4 hit 
S 34b01c,4 hit 
L 30b118,4 hit 
S 34b09c,4 miss eviction 
L 30b11c,4 hit 
S 34b11c,4 miss eviction 
S 38a12d,1 miss eviction 
hits:1710 misses:343 evictions:311
